<?xml version="1.0" encoding="UTF-8"?>
<coverage generated="1498813476376" clover="3.2.0">
  <project timestamp="1498813476376" name="All files">
    <metrics statements="48" coveredstatements="20" conditionals="16" coveredconditionals="3" methods="21" coveredmethods="7" elements="85" coveredelements="30" complexity="0" loc="48" ncloc="48" packages="2" files="3" classes="3">
      <package name="pin-api">
        <metrics statements="5" coveredstatements="5" conditionals="0" coveredconditionals="0" methods="0" coveredmethods="0"/>
        <file name="jest.setup.js" path="/Users/martin/code/pin-api/jest.setup.js">
          <metrics statements="5" coveredstatements="5" conditionals="0" coveredconditionals="0" methods="0" coveredmethods="0"/>
          <line num="1" count="2" type="stmt"/>
          <line num="3" count="2" type="stmt"/>
          <line num="5" count="2" type="stmt"/>
          <line num="18" count="2" type="stmt"/>
          <line num="23" count="2" type="stmt"/>
        </file>
      </package>
      <package name="pin-api.lib">
        <metrics statements="43" coveredstatements="15" conditionals="16" coveredconditionals="3" methods="21" coveredmethods="7"/>
        <file name="index.js" path="/Users/martin/code/pin-api/lib/index.js">
          <metrics statements="42" coveredstatements="14" conditionals="16" coveredconditionals="3" methods="21" coveredmethods="7"/>
          <line num="3" count="2" type="stmt"/>
          <line num="4" count="2" type="stmt"/>
          <line num="5" count="2" type="stmt"/>
          <line num="10" count="2" type="stmt"/>
          <line num="11" count="2" type="stmt"/>
          <line num="12" count="2" type="stmt"/>
          <line num="16" count="2" type="cond" truecount="1" falsecount="1"/>
          <line num="26" count="1" type="stmt"/>
          <line num="30" count="0" type="stmt"/>
          <line num="31" count="0" type="stmt"/>
          <line num="35" count="1" type="stmt"/>
          <line num="36" count="1" type="stmt"/>
          <line num="41" count="1" type="cond" truecount="1" falsecount="1"/>
          <line num="42" count="0" type="stmt"/>
          <line num="44" count="1" type="stmt"/>
          <line num="47" count="1" type="stmt"/>
          <line num="66" count="1" type="stmt"/>
          <line num="73" count="0" type="stmt"/>
          <line num="74" count="0" type="stmt"/>
          <line num="79" count="0" type="cond" truecount="0" falsecount="2"/>
          <line num="80" count="0" type="stmt"/>
          <line num="82" count="0" type="stmt"/>
          <line num="85" count="0" type="stmt"/>
          <line num="90" count="0" type="stmt"/>
          <line num="91" count="0" type="stmt"/>
          <line num="95" count="0" type="cond" truecount="0" falsecount="2"/>
          <line num="96" count="0" type="stmt"/>
          <line num="98" count="0" type="stmt"/>
          <line num="101" count="0" type="stmt"/>
          <line num="106" count="0" type="stmt"/>
          <line num="107" count="0" type="stmt"/>
          <line num="112" count="0" type="cond" truecount="0" falsecount="2"/>
          <line num="113" count="0" type="stmt"/>
          <line num="115" count="0" type="stmt"/>
          <line num="118" count="0" type="stmt"/>
          <line num="123" count="0" type="stmt"/>
          <line num="124" count="0" type="stmt"/>
          <line num="128" count="0" type="cond" truecount="0" falsecount="2"/>
          <line num="129" count="0" type="stmt"/>
          <line num="131" count="0" type="cond" truecount="0" falsecount="2"/>
          <line num="132" count="0" type="stmt"/>
          <line num="136" count="0" type="stmt"/>
        </file>
        <file name="key.js" path="/Users/martin/code/pin-api/lib/key.js">
          <metrics statements="1" coveredstatements="1" conditionals="0" coveredconditionals="0" methods="0" coveredmethods="0"/>
          <line num="1" count="2" type="stmt"/>
        </file>
      </package>
    </metrics>
  </project>
</coverage>
