{"/Users/martin/code/pin-api/jest.setup.js": {"path":"/Users/martin/code/pin-api/jest.setup.js","statementMap":{"0":{"start":{"line":1,"column":13},"end":{"line":1,"column":30}},"1":{"start":{"line":3,"column":18},"end":{"line":3,"column":56}},"2":{"start":{"line":5,"column":0},"end":{"line":16,"column":1}},"3":{"start":{"line":18,"column":0},"end":{"line":21,"column":1}},"4":{"start":{"line":23,"column":0},"end":{"line":23,"column":37}}},"fnMap":{},"branchMap":{},"s":{"0":2,"1":2,"2":2,"3":2,"4":2},"f":{},"b":{},"_coverageSchema":"332fd63041d2c1bcb487cc26dd0d5f7d97098a6c","hash":"7ae1352a816e1e2f537d6d8a9ca54a327e8bba9a"}
,"/Users/martin/code/pin-api/lib/index.js": {"path":"/Users/martin/code/pin-api/lib/index.js","statementMap":{"0":{"start":{"line":3,"column":19},"end":{"line":3,"column":22}},"1":{"start":{"line":4,"column":16},"end":{"line":4,"column":40}},"2":{"start":{"line":5,"column":16},"end":{"line":5,"column":45}},"3":{"start":{"line":10,"column":4},"end":{"line":10,"column":26}},"4":{"start":{"line":11,"column":4},"end":{"line":11,"column":28}},"5":{"start":{"line":12,"column":4},"end":{"line":12,"column":20}},"6":{"start":{"line":16,"column":4},"end":{"line":18,"column":15}},"7":{"start":{"line":26,"column":4},"end":{"line":26,"column":30}},"8":{"start":{"line":30,"column":4},"end":{"line":30,"column":23}},"9":{"start":{"line":31,"column":4},"end":{"line":31,"column":17}},"10":{"start":{"line":35,"column":4},"end":{"line":48,"column":6}},"11":{"start":{"line":36,"column":16},"end":{"line":45,"column":8}},"12":{"start":{"line":41,"column":8},"end":{"line":44,"column":32}},"13":{"start":{"line":42,"column":10},"end":{"line":42,"column":49}},"14":{"start":{"line":44,"column":10},"end":{"line":44,"column":32}},"15":{"start":{"line":47,"column":6},"end":{"line":47,"column":36}},"16":{"start":{"line":66,"column":4},"end":{"line":69,"column":6}},"17":{"start":{"line":73,"column":4},"end":{"line":86,"column":6}},"18":{"start":{"line":74,"column":16},"end":{"line":83,"column":8}},"19":{"start":{"line":79,"column":8},"end":{"line":82,"column":23}},"20":{"start":{"line":80,"column":10},"end":{"line":80,"column":49}},"21":{"start":{"line":82,"column":10},"end":{"line":82,"column":23}},"22":{"start":{"line":85,"column":6},"end":{"line":85,"column":36}},"23":{"start":{"line":90,"column":4},"end":{"line":102,"column":6}},"24":{"start":{"line":91,"column":16},"end":{"line":99,"column":8}},"25":{"start":{"line":95,"column":8},"end":{"line":98,"column":32}},"26":{"start":{"line":96,"column":10},"end":{"line":96,"column":49}},"27":{"start":{"line":98,"column":10},"end":{"line":98,"column":32}},"28":{"start":{"line":101,"column":6},"end":{"line":101,"column":36}},"29":{"start":{"line":106,"column":4},"end":{"line":119,"column":6}},"30":{"start":{"line":107,"column":16},"end":{"line":116,"column":8}},"31":{"start":{"line":112,"column":8},"end":{"line":115,"column":32}},"32":{"start":{"line":113,"column":10},"end":{"line":113,"column":49}},"33":{"start":{"line":115,"column":10},"end":{"line":115,"column":32}},"34":{"start":{"line":118,"column":6},"end":{"line":118,"column":36}},"35":{"start":{"line":123,"column":4},"end":{"line":137,"column":6}},"36":{"start":{"line":124,"column":16},"end":{"line":134,"column":8}},"37":{"start":{"line":128,"column":8},"end":{"line":133,"column":9}},"38":{"start":{"line":129,"column":10},"end":{"line":129,"column":49}},"39":{"start":{"line":131,"column":10},"end":{"line":132,"column":28}},"40":{"start":{"line":131,"column":43},"end":{"line":131,"column":56}},"41":{"start":{"line":132,"column":15},"end":{"line":132,"column":28}},"42":{"start":{"line":136,"column":6},"end":{"line":136,"column":36}}},"fnMap":{"0":{"name":"(anonymous_0)","decl":{"start":{"line":9,"column":2},"end":{"line":9,"column":3}},"loc":{"start":{"line":9,"column":24},"end":{"line":13,"column":3}},"line":9},"1":{"name":"(anonymous_1)","decl":{"start":{"line":15,"column":14},"end":{"line":15,"column":15}},"loc":{"start":{"line":15,"column":24},"end":{"line":19,"column":3}},"line":15},"2":{"name":"(anonymous_2)","decl":{"start":{"line":21,"column":19},"end":{"line":21,"column":20}},"loc":{"start":{"line":21,"column":25},"end":{"line":23,"column":3}},"line":21},"3":{"name":"(anonymous_3)","decl":{"start":{"line":25,"column":25},"end":{"line":25,"column":26}},"loc":{"start":{"line":25,"column":38},"end":{"line":27,"column":3}},"line":25},"4":{"name":"(anonymous_4)","decl":{"start":{"line":29,"column":24},"end":{"line":29,"column":25}},"loc":{"start":{"line":29,"column":43},"end":{"line":32,"column":3}},"line":29},"5":{"name":"(anonymous_5)","decl":{"start":{"line":34,"column":16},"end":{"line":34,"column":17}},"loc":{"start":{"line":34,"column":45},"end":{"line":49,"column":3}},"line":34},"6":{"name":"(anonymous_6)","decl":{"start":{"line":35,"column":23},"end":{"line":35,"column":24}},"loc":{"start":{"line":35,"column":44},"end":{"line":48,"column":5}},"line":35},"7":{"name":"(anonymous_7)","decl":{"start":{"line":40,"column":9},"end":{"line":40,"column":10}},"loc":{"start":{"line":40,"column":36},"end":{"line":45,"column":7}},"line":40},"8":{"name":"(anonymous_8)","decl":{"start":{"line":51,"column":19},"end":{"line":51,"column":20}},"loc":{"start":{"line":51,"column":29},"end":{"line":70,"column":3}},"line":51},"9":{"name":"(anonymous_9)","decl":{"start":{"line":72,"column":22},"end":{"line":72,"column":23}},"loc":{"start":{"line":72,"column":37},"end":{"line":87,"column":3}},"line":72},"10":{"name":"(anonymous_10)","decl":{"start":{"line":73,"column":23},"end":{"line":73,"column":24}},"loc":{"start":{"line":73,"column":44},"end":{"line":86,"column":5}},"line":73},"11":{"name":"(anonymous_11)","decl":{"start":{"line":78,"column":9},"end":{"line":78,"column":10}},"loc":{"start":{"line":78,"column":36},"end":{"line":83,"column":7}},"line":78},"12":{"name":"(anonymous_12)","decl":{"start":{"line":89,"column":18},"end":{"line":89,"column":19}},"loc":{"start":{"line":89,"column":29},"end":{"line":103,"column":3}},"line":89},"13":{"name":"(anonymous_13)","decl":{"start":{"line":90,"column":23},"end":{"line":90,"column":24}},"loc":{"start":{"line":90,"column":44},"end":{"line":102,"column":5}},"line":90},"14":{"name":"(anonymous_14)","decl":{"start":{"line":94,"column":9},"end":{"line":94,"column":10}},"loc":{"start":{"line":94,"column":36},"end":{"line":99,"column":7}},"line":94},"15":{"name":"(anonymous_15)","decl":{"start":{"line":105,"column":19},"end":{"line":105,"column":20}},"loc":{"start":{"line":105,"column":36},"end":{"line":120,"column":3}},"line":105},"16":{"name":"(anonymous_16)","decl":{"start":{"line":106,"column":23},"end":{"line":106,"column":24}},"loc":{"start":{"line":106,"column":44},"end":{"line":119,"column":5}},"line":106},"17":{"name":"(anonymous_17)","decl":{"start":{"line":111,"column":9},"end":{"line":111,"column":10}},"loc":{"start":{"line":111,"column":36},"end":{"line":116,"column":7}},"line":111},"18":{"name":"(anonymous_18)","decl":{"start":{"line":122,"column":19},"end":{"line":122,"column":20}},"loc":{"start":{"line":122,"column":30},"end":{"line":138,"column":3}},"line":122},"19":{"name":"(anonymous_19)","decl":{"start":{"line":123,"column":23},"end":{"line":123,"column":24}},"loc":{"start":{"line":123,"column":44},"end":{"line":137,"column":5}},"line":123},"20":{"name":"(anonymous_20)","decl":{"start":{"line":127,"column":9},"end":{"line":127,"column":10}},"loc":{"start":{"line":127,"column":36},"end":{"line":134,"column":7}},"line":127}},"branchMap":{"0":{"loc":{"start":{"line":16,"column":18},"end":{"line":18,"column":15}},"type":"cond-expr","locations":[{"start":{"line":17,"column":8},"end":{"line":17,"column":15}},{"start":{"line":18,"column":8},"end":{"line":18,"column":15}}],"line":16},"1":{"loc":{"start":{"line":37,"column":45},"end":{"line":37,"column":80}},"type":"cond-expr","locations":[{"start":{"line":37,"column":64},"end":{"line":37,"column":75}},{"start":{"line":37,"column":78},"end":{"line":37,"column":80}}],"line":37},"2":{"loc":{"start":{"line":41,"column":8},"end":{"line":44,"column":32}},"type":"if","locations":[{"start":{"line":41,"column":8},"end":{"line":44,"column":32}},{"start":{"line":41,"column":8},"end":{"line":44,"column":32}}],"line":41},"3":{"loc":{"start":{"line":79,"column":8},"end":{"line":82,"column":23}},"type":"if","locations":[{"start":{"line":79,"column":8},"end":{"line":82,"column":23}},{"start":{"line":79,"column":8},"end":{"line":82,"column":23}}],"line":79},"4":{"loc":{"start":{"line":95,"column":8},"end":{"line":98,"column":32}},"type":"if","locations":[{"start":{"line":95,"column":8},"end":{"line":98,"column":32}},{"start":{"line":95,"column":8},"end":{"line":98,"column":32}}],"line":95},"5":{"loc":{"start":{"line":112,"column":8},"end":{"line":115,"column":32}},"type":"if","locations":[{"start":{"line":112,"column":8},"end":{"line":115,"column":32}},{"start":{"line":112,"column":8},"end":{"line":115,"column":32}}],"line":112},"6":{"loc":{"start":{"line":128,"column":8},"end":{"line":133,"column":9}},"type":"if","locations":[{"start":{"line":128,"column":8},"end":{"line":133,"column":9}},{"start":{"line":128,"column":8},"end":{"line":133,"column":9}}],"line":128},"7":{"loc":{"start":{"line":131,"column":10},"end":{"line":132,"column":28}},"type":"if","locations":[{"start":{"line":131,"column":10},"end":{"line":132,"column":28}},{"start":{"line":131,"column":10},"end":{"line":132,"column":28}}],"line":131}},"s":{"0":2,"1":2,"2":2,"3":2,"4":2,"5":2,"6":2,"7":1,"8":0,"9":0,"10":1,"11":1,"12":1,"13":0,"14":1,"15":1,"16":1,"17":0,"18":0,"19":0,"20":0,"21":0,"22":0,"23":0,"24":0,"25":0,"26":0,"27":0,"28":0,"29":0,"30":0,"31":0,"32":0,"33":0,"34":0,"35":0,"36":0,"37":0,"38":0,"39":0,"40":0,"41":0,"42":0},"f":{"0":2,"1":2,"2":0,"3":1,"4":0,"5":1,"6":1,"7":1,"8":1,"9":0,"10":0,"11":0,"12":0,"13":0,"14":0,"15":0,"16":0,"17":0,"18":0,"19":0,"20":0},"b":{"0":[0,2],"1":[1,0],"2":[0,1],"3":[0,0],"4":[0,0],"5":[0,0],"6":[0,0],"7":[0,0]},"_coverageSchema":"332fd63041d2c1bcb487cc26dd0d5f7d97098a6c","hash":"dcd5f4694cb0d1ce78edac8b5a287f3722ac3979"}
,"/Users/martin/code/pin-api/lib/key.js": {"path":"/Users/martin/code/pin-api/lib/key.js","statementMap":{"0":{"start":{"line":1,"column":19},"end":{"line":1,"column":43}}},"fnMap":{},"branchMap":{},"s":{"0":2},"f":{},"b":{},"_coverageSchema":"332fd63041d2c1bcb487cc26dd0d5f7d97098a6c","hash":"e090eabac17e6dd2fec2051d89f1991ba4c8e2fa"}
}
