{"/Users/martin/code/pin-api/jest.setup.js": {"path":"/Users/martin/code/pin-api/jest.setup.js","statementMap":{"0":{"start":{"line":1,"column":13},"end":{"line":1,"column":30}},"1":{"start":{"line":3,"column":18},"end":{"line":3,"column":56}},"2":{"start":{"line":5,"column":0},"end":{"line":16,"column":1}},"3":{"start":{"line":18,"column":0},"end":{"line":21,"column":1}},"4":{"start":{"line":23,"column":0},"end":{"line":23,"column":37}}},"fnMap":{},"branchMap":{},"s":{"0":2,"1":2,"2":2,"3":2,"4":2},"f":{},"b":{},"_coverageSchema":"332fd63041d2c1bcb487cc26dd0d5f7d97098a6c","hash":"7ae1352a816e1e2f537d6d8a9ca54a327e8bba9a"}
,"/Users/martin/code/pin-api/lib/index.js": {"path":"/Users/martin/code/pin-api/lib/index.js","statementMap":{"0":{"start":{"line":3,"column":19},"end":{"line":3,"column":22}},"1":{"start":{"line":4,"column":16},"end":{"line":4,"column":40}},"2":{"start":{"line":5,"column":16},"end":{"line":5,"column":45}},"3":{"start":{"line":10,"column":4},"end":{"line":10,"column":26}},"4":{"start":{"line":11,"column":4},"end":{"line":11,"column":28}},"5":{"start":{"line":12,"column":4},"end":{"line":12,"column":20}},"6":{"start":{"line":16,"column":4},"end":{"line":16,"column":44}},"7":{"start":{"line":24,"column":4},"end":{"line":24,"column":30}},"8":{"start":{"line":28,"column":4},"end":{"line":28,"column":23}},"9":{"start":{"line":29,"column":4},"end":{"line":29,"column":17}},"10":{"start":{"line":33,"column":4},"end":{"line":46,"column":6}},"11":{"start":{"line":34,"column":16},"end":{"line":43,"column":8}},"12":{"start":{"line":39,"column":8},"end":{"line":42,"column":32}},"13":{"start":{"line":40,"column":10},"end":{"line":40,"column":49}},"14":{"start":{"line":42,"column":10},"end":{"line":42,"column":32}},"15":{"start":{"line":45,"column":6},"end":{"line":45,"column":36}},"16":{"start":{"line":50,"column":4},"end":{"line":63,"column":6}},"17":{"start":{"line":51,"column":16},"end":{"line":60,"column":8}},"18":{"start":{"line":56,"column":8},"end":{"line":59,"column":23}},"19":{"start":{"line":57,"column":10},"end":{"line":57,"column":49}},"20":{"start":{"line":59,"column":10},"end":{"line":59,"column":23}},"21":{"start":{"line":62,"column":6},"end":{"line":62,"column":36}},"22":{"start":{"line":67,"column":4},"end":{"line":79,"column":6}},"23":{"start":{"line":68,"column":16},"end":{"line":76,"column":8}},"24":{"start":{"line":72,"column":8},"end":{"line":75,"column":32}},"25":{"start":{"line":73,"column":10},"end":{"line":73,"column":49}},"26":{"start":{"line":75,"column":10},"end":{"line":75,"column":32}},"27":{"start":{"line":78,"column":6},"end":{"line":78,"column":36}},"28":{"start":{"line":83,"column":4},"end":{"line":96,"column":6}},"29":{"start":{"line":84,"column":16},"end":{"line":93,"column":8}},"30":{"start":{"line":89,"column":8},"end":{"line":92,"column":32}},"31":{"start":{"line":90,"column":10},"end":{"line":90,"column":49}},"32":{"start":{"line":92,"column":10},"end":{"line":92,"column":32}},"33":{"start":{"line":95,"column":6},"end":{"line":95,"column":36}},"34":{"start":{"line":100,"column":4},"end":{"line":114,"column":6}},"35":{"start":{"line":101,"column":16},"end":{"line":111,"column":8}},"36":{"start":{"line":105,"column":8},"end":{"line":110,"column":9}},"37":{"start":{"line":106,"column":10},"end":{"line":106,"column":49}},"38":{"start":{"line":108,"column":10},"end":{"line":109,"column":28}},"39":{"start":{"line":108,"column":43},"end":{"line":108,"column":56}},"40":{"start":{"line":109,"column":15},"end":{"line":109,"column":28}},"41":{"start":{"line":113,"column":6},"end":{"line":113,"column":36}}},"fnMap":{"0":{"name":"(anonymous_0)","decl":{"start":{"line":9,"column":2},"end":{"line":9,"column":3}},"loc":{"start":{"line":9,"column":24},"end":{"line":13,"column":3}},"line":9},"1":{"name":"(anonymous_1)","decl":{"start":{"line":15,"column":14},"end":{"line":15,"column":15}},"loc":{"start":{"line":15,"column":24},"end":{"line":17,"column":3}},"line":15},"2":{"name":"(anonymous_2)","decl":{"start":{"line":19,"column":19},"end":{"line":19,"column":20}},"loc":{"start":{"line":19,"column":25},"end":{"line":21,"column":3}},"line":19},"3":{"name":"(anonymous_3)","decl":{"start":{"line":23,"column":25},"end":{"line":23,"column":26}},"loc":{"start":{"line":23,"column":38},"end":{"line":25,"column":3}},"line":23},"4":{"name":"(anonymous_4)","decl":{"start":{"line":27,"column":24},"end":{"line":27,"column":25}},"loc":{"start":{"line":27,"column":43},"end":{"line":30,"column":3}},"line":27},"5":{"name":"(anonymous_5)","decl":{"start":{"line":32,"column":19},"end":{"line":32,"column":20}},"loc":{"start":{"line":32,"column":33},"end":{"line":47,"column":3}},"line":32},"6":{"name":"(anonymous_6)","decl":{"start":{"line":33,"column":23},"end":{"line":33,"column":24}},"loc":{"start":{"line":33,"column":44},"end":{"line":46,"column":5}},"line":33},"7":{"name":"(anonymous_7)","decl":{"start":{"line":38,"column":9},"end":{"line":38,"column":10}},"loc":{"start":{"line":38,"column":36},"end":{"line":43,"column":7}},"line":38},"8":{"name":"(anonymous_8)","decl":{"start":{"line":49,"column":22},"end":{"line":49,"column":23}},"loc":{"start":{"line":49,"column":37},"end":{"line":64,"column":3}},"line":49},"9":{"name":"(anonymous_9)","decl":{"start":{"line":50,"column":23},"end":{"line":50,"column":24}},"loc":{"start":{"line":50,"column":44},"end":{"line":63,"column":5}},"line":50},"10":{"name":"(anonymous_10)","decl":{"start":{"line":55,"column":9},"end":{"line":55,"column":10}},"loc":{"start":{"line":55,"column":36},"end":{"line":60,"column":7}},"line":55},"11":{"name":"(anonymous_11)","decl":{"start":{"line":66,"column":18},"end":{"line":66,"column":19}},"loc":{"start":{"line":66,"column":29},"end":{"line":80,"column":3}},"line":66},"12":{"name":"(anonymous_12)","decl":{"start":{"line":67,"column":23},"end":{"line":67,"column":24}},"loc":{"start":{"line":67,"column":44},"end":{"line":79,"column":5}},"line":67},"13":{"name":"(anonymous_13)","decl":{"start":{"line":71,"column":9},"end":{"line":71,"column":10}},"loc":{"start":{"line":71,"column":36},"end":{"line":76,"column":7}},"line":71},"14":{"name":"(anonymous_14)","decl":{"start":{"line":82,"column":19},"end":{"line":82,"column":20}},"loc":{"start":{"line":82,"column":36},"end":{"line":97,"column":3}},"line":82},"15":{"name":"(anonymous_15)","decl":{"start":{"line":83,"column":23},"end":{"line":83,"column":24}},"loc":{"start":{"line":83,"column":44},"end":{"line":96,"column":5}},"line":83},"16":{"name":"(anonymous_16)","decl":{"start":{"line":88,"column":9},"end":{"line":88,"column":10}},"loc":{"start":{"line":88,"column":36},"end":{"line":93,"column":7}},"line":88},"17":{"name":"(anonymous_17)","decl":{"start":{"line":99,"column":19},"end":{"line":99,"column":20}},"loc":{"start":{"line":99,"column":30},"end":{"line":115,"column":3}},"line":99},"18":{"name":"(anonymous_18)","decl":{"start":{"line":100,"column":23},"end":{"line":100,"column":24}},"loc":{"start":{"line":100,"column":44},"end":{"line":114,"column":5}},"line":100},"19":{"name":"(anonymous_19)","decl":{"start":{"line":104,"column":9},"end":{"line":104,"column":10}},"loc":{"start":{"line":104,"column":36},"end":{"line":111,"column":7}},"line":104}},"branchMap":{"0":{"loc":{"start":{"line":16,"column":18},"end":{"line":16,"column":44}},"type":"cond-expr","locations":[{"start":{"line":16,"column":27},"end":{"line":16,"column":34}},{"start":{"line":16,"column":37},"end":{"line":16,"column":44}}],"line":16},"1":{"loc":{"start":{"line":39,"column":8},"end":{"line":42,"column":32}},"type":"if","locations":[{"start":{"line":39,"column":8},"end":{"line":42,"column":32}},{"start":{"line":39,"column":8},"end":{"line":42,"column":32}}],"line":39},"2":{"loc":{"start":{"line":56,"column":8},"end":{"line":59,"column":23}},"type":"if","locations":[{"start":{"line":56,"column":8},"end":{"line":59,"column":23}},{"start":{"line":56,"column":8},"end":{"line":59,"column":23}}],"line":56},"3":{"loc":{"start":{"line":72,"column":8},"end":{"line":75,"column":32}},"type":"if","locations":[{"start":{"line":72,"column":8},"end":{"line":75,"column":32}},{"start":{"line":72,"column":8},"end":{"line":75,"column":32}}],"line":72},"4":{"loc":{"start":{"line":89,"column":8},"end":{"line":92,"column":32}},"type":"if","locations":[{"start":{"line":89,"column":8},"end":{"line":92,"column":32}},{"start":{"line":89,"column":8},"end":{"line":92,"column":32}}],"line":89},"5":{"loc":{"start":{"line":105,"column":8},"end":{"line":110,"column":9}},"type":"if","locations":[{"start":{"line":105,"column":8},"end":{"line":110,"column":9}},{"start":{"line":105,"column":8},"end":{"line":110,"column":9}}],"line":105},"6":{"loc":{"start":{"line":108,"column":10},"end":{"line":109,"column":28}},"type":"if","locations":[{"start":{"line":108,"column":10},"end":{"line":109,"column":28}},{"start":{"line":108,"column":10},"end":{"line":109,"column":28}}],"line":108}},"s":{"0":2,"1":2,"2":2,"3":2,"4":2,"5":2,"6":2,"7":5,"8":0,"9":0,"10":1,"11":1,"12":1,"13":0,"14":1,"15":1,"16":1,"17":1,"18":1,"19":0,"20":1,"21":1,"22":1,"23":1,"24":1,"25":0,"26":1,"27":1,"28":1,"29":1,"30":1,"31":0,"32":1,"33":1,"34":1,"35":1,"36":1,"37":0,"38":1,"39":1,"40":0,"41":1},"f":{"0":2,"1":2,"2":0,"3":5,"4":0,"5":1,"6":1,"7":1,"8":1,"9":1,"10":1,"11":1,"12":1,"13":1,"14":1,"15":1,"16":1,"17":1,"18":1,"19":1},"b":{"0":[0,2],"1":[0,1],"2":[0,1],"3":[0,1],"4":[0,1],"5":[0,1],"6":[1,0]},"_coverageSchema":"332fd63041d2c1bcb487cc26dd0d5f7d97098a6c","hash":"ddfc7432a436e8f0d107e3da508487538c5c2b03"}
,"/Users/martin/code/pin-api/lib/key.js": {"path":"/Users/martin/code/pin-api/lib/key.js","statementMap":{"0":{"start":{"line":1,"column":19},"end":{"line":1,"column":43}}},"fnMap":{},"branchMap":{},"s":{"0":2},"f":{},"b":{},"_coverageSchema":"332fd63041d2c1bcb487cc26dd0d5f7d97098a6c","hash":"e090eabac17e6dd2fec2051d89f1991ba4c8e2fa"}
}
