TN:
SF:/Users/martin/code/pin-api/jest.setup.js
FNF:0
FNH:0
DA:1,2
DA:3,2
DA:5,2
DA:18,2
DA:23,2
LF:5
LH:5
BRF:0
BRH:0
end_of_record
TN:
SF:/Users/martin/code/pin-api/lib/index.js
FN:9,(anonymous_0)
FN:15,(anonymous_1)
FN:19,(anonymous_2)
FN:23,(anonymous_3)
FN:27,(anonymous_4)
FN:32,(anonymous_5)
FN:33,(anonymous_6)
FN:38,(anonymous_7)
FN:49,(anonymous_8)
FN:50,(anonymous_9)
FN:55,(anonymous_10)
FN:66,(anonymous_11)
FN:67,(anonymous_12)
FN:71,(anonymous_13)
FN:82,(anonymous_14)
FN:83,(anonymous_15)
FN:88,(anonymous_16)
FN:99,(anonymous_17)
FN:100,(anonymous_18)
FN:104,(anonymous_19)
FNF:20
FNH:18
FNDA:2,(anonymous_0)
FNDA:2,(anonymous_1)
FNDA:0,(anonymous_2)
FNDA:5,(anonymous_3)
FNDA:0,(anonymous_4)
FNDA:1,(anonymous_5)
FNDA:1,(anonymous_6)
FNDA:1,(anonymous_7)
FNDA:1,(anonymous_8)
FNDA:1,(anonymous_9)
FNDA:1,(anonymous_10)
FNDA:1,(anonymous_11)
FNDA:1,(anonymous_12)
FNDA:1,(anonymous_13)
FNDA:1,(anonymous_14)
FNDA:1,(anonymous_15)
FNDA:1,(anonymous_16)
FNDA:1,(anonymous_17)
FNDA:1,(anonymous_18)
FNDA:1,(anonymous_19)
DA:3,2
DA:4,2
DA:5,2
DA:10,2
DA:11,2
DA:12,2
DA:16,2
DA:24,5
DA:28,0
DA:29,0
DA:33,1
DA:34,1
DA:39,1
DA:40,0
DA:42,1
DA:45,1
DA:50,1
DA:51,1
DA:56,1
DA:57,0
DA:59,1
DA:62,1
DA:67,1
DA:68,1
DA:72,1
DA:73,0
DA:75,1
DA:78,1
DA:83,1
DA:84,1
DA:89,1
DA:90,0
DA:92,1
DA:95,1
DA:100,1
DA:101,1
DA:105,1
DA:106,0
DA:108,1
DA:109,0
DA:113,1
LF:41
LH:33
BRDA:16,0,0,0
BRDA:16,0,1,2
BRDA:39,1,0,0
BRDA:39,1,1,1
BRDA:56,2,0,0
BRDA:56,2,1,1
BRDA:72,3,0,0
BRDA:72,3,1,1
BRDA:89,4,0,0
BRDA:89,4,1,1
BRDA:105,5,0,0
BRDA:105,5,1,1
BRDA:108,6,0,1
BRDA:108,6,1,0
BRF:14
BRH:7
end_of_record
TN:
SF:/Users/martin/code/pin-api/lib/key.js
FNF:0
FNH:0
DA:1,2
LF:1
LH:1
BRF:0
BRH:0
end_of_record
