TN:
SF:/Users/martin/code/pin-api/jest.setup.js
FNF:0
FNH:0
DA:1,2
DA:3,2
DA:5,2
DA:18,2
DA:23,2
LF:5
LH:5
BRF:0
BRH:0
end_of_record
TN:
SF:/Users/martin/code/pin-api/lib/index.js
FN:9,(anonymous_0)
FN:15,(anonymous_1)
FN:21,(anonymous_2)
FN:25,(anonymous_3)
FN:29,(anonymous_4)
FN:34,(anonymous_5)
FN:35,(anonymous_6)
FN:40,(anonymous_7)
FN:51,(anonymous_8)
FN:72,(anonymous_9)
FN:73,(anonymous_10)
FN:78,(anonymous_11)
FN:89,(anonymous_12)
FN:90,(anonymous_13)
FN:94,(anonymous_14)
FN:105,(anonymous_15)
FN:106,(anonymous_16)
FN:111,(anonymous_17)
FN:122,(anonymous_18)
FN:123,(anonymous_19)
FN:127,(anonymous_20)
FNF:21
FNH:7
FNDA:2,(anonymous_0)
FNDA:2,(anonymous_1)
FNDA:0,(anonymous_2)
FNDA:1,(anonymous_3)
FNDA:0,(anonymous_4)
FNDA:1,(anonymous_5)
FNDA:1,(anonymous_6)
FNDA:1,(anonymous_7)
FNDA:1,(anonymous_8)
FNDA:0,(anonymous_9)
FNDA:0,(anonymous_10)
FNDA:0,(anonymous_11)
FNDA:0,(anonymous_12)
FNDA:0,(anonymous_13)
FNDA:0,(anonymous_14)
FNDA:0,(anonymous_15)
FNDA:0,(anonymous_16)
FNDA:0,(anonymous_17)
FNDA:0,(anonymous_18)
FNDA:0,(anonymous_19)
FNDA:0,(anonymous_20)
DA:3,2
DA:4,2
DA:5,2
DA:10,2
DA:11,2
DA:12,2
DA:16,2
DA:26,1
DA:30,0
DA:31,0
DA:35,1
DA:36,1
DA:41,1
DA:42,0
DA:44,1
DA:47,1
DA:66,1
DA:73,0
DA:74,0
DA:79,0
DA:80,0
DA:82,0
DA:85,0
DA:90,0
DA:91,0
DA:95,0
DA:96,0
DA:98,0
DA:101,0
DA:106,0
DA:107,0
DA:112,0
DA:113,0
DA:115,0
DA:118,0
DA:123,0
DA:124,0
DA:128,0
DA:129,0
DA:131,0
DA:132,0
DA:136,0
LF:42
LH:14
BRDA:16,0,0,0
BRDA:16,0,1,2
BRDA:37,1,0,1
BRDA:37,1,1,0
BRDA:41,2,0,0
BRDA:41,2,1,1
BRDA:79,3,0,0
BRDA:79,3,1,0
BRDA:95,4,0,0
BRDA:95,4,1,0
BRDA:112,5,0,0
BRDA:112,5,1,0
BRDA:128,6,0,0
BRDA:128,6,1,0
BRDA:131,7,0,0
BRDA:131,7,1,0
BRF:16
BRH:3
end_of_record
TN:
SF:/Users/martin/code/pin-api/lib/key.js
FNF:0
FNH:0
DA:1,2
LF:1
LH:1
BRF:0
BRH:0
end_of_record
